2024-12-08 04:47:30,901 - INFO - Starting data preparation process...
2024-12-08 04:47:30,901 - INFO - Loading data from C:\Users\Setin\Documents\GitHub\Trading-Project\data\processed_data.csv...
2024-12-08 04:47:30,967 - INFO - Data loaded successfully. Shape of the data: (6324, 29)
2024-12-08 04:47:30,967 - INFO - Checking for missing values...
2024-12-08 04:47:30,968 - INFO - Missing values found, filling missing values...
2024-12-08 04:47:30,973 - INFO - Missing values filled.
2024-12-08 04:47:30,973 - INFO - Dropping irrelevant columns...
2024-12-08 04:47:30,976 - INFO - Dropped columns: ['Time']
2024-12-08 04:47:30,977 - INFO - Scaling the features...
2024-12-08 04:47:30,989 - INFO - Feature scaling complete.
2024-12-08 04:47:30,990 - INFO - Splitting data into features and target...
2024-12-08 04:47:30,991 - INFO - Features (X) shape: (6324, 27), Target (y) shape: (6324,)
2024-12-08 04:47:30,991 - INFO - Splitting data into training and testing sets...
2024-12-08 04:47:30,995 - INFO - Training data shape: (5059, 27), Testing data shape: (1265, 27)
2024-12-08 04:47:30,998 - INFO - Training and testing data combined.
2024-12-08 04:47:30,999 - INFO - Final data shape after combining: (6324, 29)
2024-12-08 04:47:31,000 - INFO - Saving processed data to C:\Users\Setin\Documents\GitHub\Trading-Project\data\post_processed_data.csv...
2024-12-08 04:47:31,291 - INFO - Data saved successfully to C:\Users\Setin\Documents\GitHub\Trading-Project\data\post_processed_data.csv.
2024-12-08 04:53:06,786 - INFO - Starting data preparation process...
2024-12-08 04:53:06,786 - INFO - Loading data from C:\Users\Setin\Documents\GitHub\Trading-Project\data\processed_data.csv...
2024-12-08 04:53:06,842 - INFO - Data loaded successfully. Shape of the data: (6324, 29)
2024-12-08 04:53:06,842 - INFO - Checking for missing values...
2024-12-08 04:53:06,844 - INFO - Missing values found, filling missing values...
2024-12-08 04:53:06,846 - INFO - Missing values filled.
2024-12-08 04:53:06,846 - INFO - Dropping irrelevant columns...
2024-12-08 04:53:06,848 - INFO - Dropped columns: ['Time']
2024-12-08 04:53:06,848 - INFO - Scaling the features...
2024-12-08 04:53:06,858 - INFO - Feature scaling complete.
2024-12-08 04:53:06,858 - INFO - Splitting data into features and target...
2024-12-08 04:53:06,860 - INFO - Features (X) shape: (6324, 27), Target (y) shape: (6324,)
2024-12-08 04:53:06,860 - INFO - Splitting data into training and testing sets...
2024-12-08 04:53:06,864 - INFO - Training data shape: (5059, 27), Testing data shape: (1265, 27)
2024-12-08 04:53:06,867 - INFO - Training and testing data combined.
2024-12-08 04:53:06,869 - INFO - Final data shape after combining: (6324, 29)
2024-12-08 04:53:06,869 - INFO - Saving processed data to C:\Users\Setin\Documents\GitHub\Trading-Project\data\post_processed_data.csv...
2024-12-08 04:53:07,154 - INFO - Data saved successfully to C:\Users\Setin\Documents\GitHub\Trading-Project\data\post_processed_data.csv.
