2024-12-02 16:59:01,444 - INFO - Based on M5 timeframe, using higher timeframes: ['H1', 'H4']
2024-12-02 16:59:01,445 - INFO - Fetching current data for EURUSD on timeframe M5...
2024-12-02 16:59:01,445 - INFO - Fetching data for EURUSD from 2024-11-02 16:59:01.445238 to 2024-12-02 16:59:01.445238 on timeframe M5...
2024-12-02 16:59:01,450 - INFO - Fetched data columns: ['open', 'high', 'low', 'close', 'tick_volume', 'spread', 'real_volume', 'Time']
2024-12-02 16:59:01,470 - INFO - Fetching higher timeframe data for EURUSD on H1...
2024-12-02 16:59:01,470 - INFO - Fetching data for EURUSD from 2024-11-02 16:59:01.445238 to 2024-12-02 16:59:01.445238 on timeframe H1...
2024-12-02 16:59:01,475 - INFO - Fetched data columns: ['open', 'high', 'low', 'close', 'tick_volume', 'spread', 'real_volume', 'Time']
2024-12-02 16:59:01,477 - INFO - Fetching higher timeframe data for EURUSD on H4...
2024-12-02 16:59:01,477 - INFO - Fetching data for EURUSD from 2024-11-02 16:59:01.445238 to 2024-12-02 16:59:01.445238 on timeframe H4...
2024-12-02 16:59:01,479 - INFO - Fetched data columns: ['open', 'high', 'low', 'close', 'tick_volume', 'spread', 'real_volume', 'Time']
2024-12-02 16:59:01,479 - INFO - Calculating indicators for current timeframe M5...
2024-12-02 16:59:01,479 - INFO - Calculating indicators...
2024-12-02 16:59:01,487 - INFO - Indicators calculated.
2024-12-02 16:59:01,488 - INFO - Calculated indicators for M5:
2024-12-02 16:59:01,490 - INFO -                  Time  ...  Bollinger_lower
0 2024-11-04 00:00:00  ...              NaN
1 2024-11-04 00:05:00  ...              NaN
2 2024-11-04 00:10:00  ...              NaN
3 2024-11-04 00:15:00  ...              NaN
4 2024-11-04 00:20:00  ...              NaN

[5 rows x 8 columns]
2024-12-02 16:59:01,510 - INFO - Calculating indicators for higher timeframe H1...
2024-12-02 16:59:01,510 - INFO - Calculating indicators...
2024-12-02 16:59:01,517 - INFO - Indicators calculated.
2024-12-02 16:59:01,517 - INFO - Merging higher timeframe H1 data with current data...
2024-12-02 16:59:01,526 - INFO - Fetched data for higher timeframe (H1):
2024-12-02 16:59:01,526 - INFO -       open     high  ...  Bollinger_upper  Bollinger_lower
0  1.08755  1.08819  ...              NaN              NaN
1  1.08816  1.08816  ...              NaN              NaN
2  1.08726  1.08790  ...              NaN              NaN
3  1.08769  1.08912  ...              NaN              NaN
4  1.08882  1.08942  ...              NaN              NaN

[5 rows x 15 columns]
2024-12-02 16:59:01,547 - INFO - Calculating indicators for higher timeframe H4...
2024-12-02 16:59:01,548 - INFO - Calculating indicators...
2024-12-02 16:59:01,554 - INFO - Indicators calculated.
2024-12-02 16:59:01,554 - INFO - Merging higher timeframe H4 data with current data...
2024-12-02 16:59:01,562 - INFO - Fetched data for higher timeframe (H4):
2024-12-02 16:59:01,562 - INFO -       open     high  ...  Bollinger_upper  Bollinger_lower
0  1.08755  1.08912  ...              NaN              NaN
1  1.08882  1.09048  ...              NaN              NaN
2  1.08988  1.09020  ...              NaN              NaN
3  1.08961  1.09147  ...              NaN              NaN
4  1.09050  1.09097  ...              NaN              NaN

[5 rows x 15 columns]
2024-12-02 16:59:01,585 - INFO - Saving processed data to 'processed_data.csv'...
2024-12-02 16:59:01,585 - INFO - Saving processed data to 'processed_data.csv'...
2024-12-02 16:59:01,599 - INFO - Processed data saved to 'C:\Users\Setin\Documents\GitHub\Trading-Project\data\processed_data.csv'.
2024-12-02 16:59:22,831 - INFO - Loading data from C:\Users\Setin\Documents\GitHub\Trading-Project\data\processed_data.csv...
2024-12-02 16:59:22,851 - INFO - Checking for missing values...
2024-12-02 16:59:22,852 - INFO - Missing values found, filling missing values...
2024-12-02 16:59:22,857 - INFO - Dropping irrelevant columns...
2024-12-02 16:59:22,858 - INFO - Scaling the features...
2024-12-02 16:59:22,862 - INFO - Splitting data into training and testing sets...
2024-12-02 16:59:22,872 - INFO - Saving processed data to C:\Users\Setin\Documents\GitHub\Trading-Project\data\post_processed_data.csv...
2024-12-02 16:59:22,894 - INFO - Data saved successfully to C:\Users\Setin\Documents\GitHub\Trading-Project\data\post_processed_data.csv.
2024-12-02 17:00:14,188 - INFO - Loading data from C:\Users\Setin\Documents\GitHub\Trading-Project\data\post_processed_data.csv...
2024-12-02 17:00:14,282 - INFO - Preparing features and target variables...
2024-12-02 17:00:14,284 - INFO - Splitting data into training and testing sets...
2024-12-02 17:00:14,287 - INFO - Scaling the features...
2024-12-02 17:00:14,296 - INFO - Training the model...
2024-12-02 17:00:14,598 - INFO - Evaluating the model...
2024-12-02 17:00:14,634 - INFO - RMSE: 0.09953369060288629
2024-12-02 17:00:14,634 - INFO - MAE: 0.05581667677723687
2024-12-02 17:00:14,690 - INFO - Model training completed. RMSE: 0.09953369060288629, MAE: 0.05581667677723687
2024-12-02 17:00:14,690 - INFO - Model, scaler, and feature list saved successfully.
2024-12-02 17:02:57,023 - INFO - EA has stopped, shutting down Python server.
2024-12-02 17:02:57,058 - INFO - [31m[1mWARNING: This is a development server. Do not use it in a production deployment. Use a production WSGI server instead.[0m
 * Running on http://127.0.0.1:5000
2024-12-02 17:02:57,058 - INFO - [33mPress CTRL+C to quit[0m
2024-12-02 17:02:57,062 - INFO -  * Restarting with stat
2024-12-02 17:02:59,397 - INFO - EA has stopped, shutting down Python server.
2024-12-02 17:02:59,407 - WARNING -  * Debugger is active!
2024-12-02 17:02:59,410 - INFO -  * Debugger PIN: 125-458-649
2024-12-02 17:07:50,590 - INFO - Starting data preparation process...
2024-12-02 17:07:50,590 - INFO - Loading data from C:\Users\Setin\Documents\GitHub\Trading-Project\data\processed_data.csv...
2024-12-02 17:07:50,595 - INFO - Data loaded successfully. Shape of the data: (124, 29)
2024-12-02 17:07:50,596 - INFO - Checking for missing values...
2024-12-02 17:07:50,596 - INFO - Missing values found, filling missing values...
2024-12-02 17:07:50,599 - INFO - Missing values filled.
2024-12-02 17:07:50,599 - INFO - Dropping irrelevant columns...
2024-12-02 17:07:50,600 - INFO - Dropped columns: ['Time']
2024-12-02 17:07:50,600 - INFO - Scaling the features...
2024-12-02 17:07:50,603 - INFO - Feature scaling complete.
2024-12-02 17:07:50,603 - INFO - Splitting data into features and target...
2024-12-02 17:07:50,604 - INFO - Features (X) shape: (124, 27), Target (y) shape: (124,)
2024-12-02 17:07:50,604 - INFO - Splitting data into training and testing sets...
2024-12-02 17:07:50,605 - INFO - Training data shape: (99, 27), Testing data shape: (25, 27)
2024-12-02 17:07:50,607 - INFO - Training and testing data combined.
2024-12-02 17:07:50,608 - INFO - Final data shape after combining: (124, 29)
2024-12-02 17:07:50,608 - INFO - Saving processed data to C:\Users\Setin\Documents\GitHub\Trading-Project\data\post_processed_data.csv...
2024-12-02 17:07:50,621 - INFO - Data saved successfully to C:\Users\Setin\Documents\GitHub\Trading-Project\data\post_processed_data.csv.
