2024-12-02 16:56:42,509 - INFO - Based on M5 timeframe, using higher timeframes: ['H1', 'H4']
2024-12-02 16:56:42,509 - INFO - Fetching current data for EURUSD on timeframe M5...
2024-12-02 16:56:42,509 - INFO - Fetching data for EURUSD from 2024-11-02 16:56:42.509009 to 2024-12-02 16:56:42.509009 on timeframe M5...
2024-12-02 16:56:42,516 - INFO - Fetched data columns: ['open', 'high', 'low', 'close', 'tick_volume', 'spread', 'real_volume', 'Time']
2024-12-02 16:56:42,546 - INFO - Fetching higher timeframe data for EURUSD on H1...
2024-12-02 16:56:42,547 - INFO - Fetching data for EURUSD from 2024-11-02 16:56:42.509009 to 2024-12-02 16:56:42.509009 on timeframe H1...
2024-12-02 16:56:42,551 - INFO - Fetched data columns: ['open', 'high', 'low', 'close', 'tick_volume', 'spread', 'real_volume', 'Time']
2024-12-02 16:56:42,551 - INFO - Fetching higher timeframe data for EURUSD on H4...
2024-12-02 16:56:42,551 - INFO - Fetching data for EURUSD from 2024-11-02 16:56:42.509009 to 2024-12-02 16:56:42.509009 on timeframe H4...
2024-12-02 16:56:42,556 - INFO - Fetched data columns: ['open', 'high', 'low', 'close', 'tick_volume', 'spread', 'real_volume', 'Time']
2024-12-02 16:56:42,557 - INFO - Calculating indicators for current timeframe M5...
2024-12-02 16:56:42,557 - INFO - Calculating indicators...
2024-12-02 16:56:42,568 - INFO - Indicators calculated.
2024-12-02 16:56:42,568 - INFO - Calculated indicators for M5:
2024-12-02 16:56:42,571 - INFO -                  Time  ...  Bollinger_lower
0 2024-11-04 00:00:00  ...              NaN
1 2024-11-04 00:05:00  ...              NaN
2 2024-11-04 00:10:00  ...              NaN
3 2024-11-04 00:15:00  ...              NaN
4 2024-11-04 00:20:00  ...              NaN

[5 rows x 8 columns]
2024-12-02 16:56:42,592 - INFO - Calculating indicators for higher timeframe H1...
2024-12-02 16:56:42,593 - INFO - Calculating indicators...
2024-12-02 16:56:42,607 - INFO - Indicators calculated.
2024-12-02 16:56:42,607 - INFO - Merging higher timeframe H1 data with current data...
2024-12-02 16:56:42,614 - INFO - Fetched data for higher timeframe (H1):
2024-12-02 16:56:42,615 - INFO -       open     high  ...  Bollinger_upper  Bollinger_lower
0  1.08755  1.08819  ...              NaN              NaN
1  1.08816  1.08816  ...              NaN              NaN
2  1.08726  1.08790  ...              NaN              NaN
3  1.08769  1.08912  ...              NaN              NaN
4  1.08882  1.08942  ...              NaN              NaN

[5 rows x 15 columns]
2024-12-02 16:56:42,665 - INFO - Calculating indicators for higher timeframe H4...
2024-12-02 16:56:42,666 - INFO - Calculating indicators...
2024-12-02 16:56:42,681 - INFO - Indicators calculated.
2024-12-02 16:56:42,681 - INFO - Merging higher timeframe H4 data with current data...
2024-12-02 16:56:42,692 - INFO - Fetched data for higher timeframe (H4):
2024-12-02 16:56:42,692 - INFO -       open     high  ...  Bollinger_upper  Bollinger_lower
0  1.08755  1.08912  ...              NaN              NaN
1  1.08882  1.09048  ...              NaN              NaN
2  1.08988  1.09020  ...              NaN              NaN
3  1.08961  1.09147  ...              NaN              NaN
4  1.09050  1.09097  ...              NaN              NaN

[5 rows x 15 columns]
2024-12-02 16:56:42,745 - INFO - Saving processed data to 'processed_data.csv'...
2024-12-02 16:56:42,746 - INFO - Saving processed data to 'processed_data.csv'...
2024-12-02 16:56:42,781 - INFO - Processed data saved to 'C:\Users\Setin\Documents\GitHub\Trading-Project\data\processed_data.csv'.
2024-12-02 16:56:50,476 - INFO - Based on M5 timeframe, using higher timeframes: ['H1', 'H4']
2024-12-02 16:56:50,476 - INFO - Fetching current data for EURUSD on timeframe M5...
2024-12-02 16:56:50,477 - INFO - Fetching data for EURUSD from 2024-11-02 16:56:50.476095 to 2024-12-02 16:56:50.476095 on timeframe M5...
2024-12-02 16:56:50,484 - INFO - Fetched data columns: ['open', 'high', 'low', 'close', 'tick_volume', 'spread', 'real_volume', 'Time']
2024-12-02 16:56:50,509 - INFO - Fetching higher timeframe data for EURUSD on H1...
2024-12-02 16:56:50,510 - INFO - Fetching data for EURUSD from 2024-11-02 16:56:50.476095 to 2024-12-02 16:56:50.476095 on timeframe H1...
2024-12-02 16:56:50,513 - INFO - Fetched data columns: ['open', 'high', 'low', 'close', 'tick_volume', 'spread', 'real_volume', 'Time']
2024-12-02 16:56:50,513 - INFO - Fetching higher timeframe data for EURUSD on H4...
2024-12-02 16:56:50,513 - INFO - Fetching data for EURUSD from 2024-11-02 16:56:50.476095 to 2024-12-02 16:56:50.476095 on timeframe H4...
2024-12-02 16:56:50,516 - INFO - Fetched data columns: ['open', 'high', 'low', 'close', 'tick_volume', 'spread', 'real_volume', 'Time']
2024-12-02 16:56:50,519 - INFO - Calculating indicators for current timeframe M5...
2024-12-02 16:56:50,519 - INFO - Calculating indicators...
2024-12-02 16:56:50,532 - INFO - Indicators calculated.
2024-12-02 16:56:50,532 - INFO - Calculated indicators for M5:
2024-12-02 16:56:50,534 - INFO -                  Time  ...  Bollinger_lower
0 2024-11-04 00:00:00  ...              NaN
1 2024-11-04 00:05:00  ...              NaN
2 2024-11-04 00:10:00  ...              NaN
3 2024-11-04 00:15:00  ...              NaN
4 2024-11-04 00:20:00  ...              NaN

[5 rows x 8 columns]
2024-12-02 16:56:50,556 - INFO - Calculating indicators for higher timeframe H1...
2024-12-02 16:56:50,556 - INFO - Calculating indicators...
2024-12-02 16:56:50,569 - INFO - Indicators calculated.
2024-12-02 16:56:50,569 - INFO - Merging higher timeframe H1 data with current data...
2024-12-02 16:56:50,579 - INFO - Fetched data for higher timeframe (H1):
2024-12-02 16:56:50,579 - INFO -       open     high  ...  Bollinger_upper  Bollinger_lower
0  1.08755  1.08819  ...              NaN              NaN
1  1.08816  1.08816  ...              NaN              NaN
2  1.08726  1.08790  ...              NaN              NaN
3  1.08769  1.08912  ...              NaN              NaN
4  1.08882  1.08942  ...              NaN              NaN

[5 rows x 15 columns]
2024-12-02 16:56:50,614 - INFO - Calculating indicators for higher timeframe H4...
2024-12-02 16:56:50,615 - INFO - Calculating indicators...
2024-12-02 16:56:50,626 - INFO - Indicators calculated.
2024-12-02 16:56:50,627 - INFO - Merging higher timeframe H4 data with current data...
2024-12-02 16:56:50,634 - INFO - Fetched data for higher timeframe (H4):
2024-12-02 16:56:50,634 - INFO -       open     high  ...  Bollinger_upper  Bollinger_lower
0  1.08755  1.08912  ...              NaN              NaN
1  1.08882  1.09048  ...              NaN              NaN
2  1.08988  1.09020  ...              NaN              NaN
3  1.08961  1.09147  ...              NaN              NaN
4  1.09050  1.09097  ...              NaN              NaN

[5 rows x 15 columns]
2024-12-02 16:56:50,668 - INFO - Saving processed data to 'processed_data.csv'...
2024-12-02 16:56:50,669 - INFO - Saving processed data to 'processed_data.csv'...
2024-12-02 16:56:50,693 - INFO - Processed data saved to 'C:\Users\Setin\Documents\GitHub\Trading-Project\data\processed_data.csv'.
